<?xml version="1.0" encoding="UTF-8"?>
<!-- Generated by org.testng.reporters.JUnitReportReporter -->
<testsuite hostname="BigBadLaptop" failures="0" tests="2" name="Runners.CucumberRunners" time="48.951" errors="0" timestamp="2022-05-20T14:08:35 EEST" skipped="0">
  <testcase classname="Runners.CucumberRunners" name="runScenario" time="35.035"/>
  <system-out/>
  <testcase classname="Runners.CucumberRunners" name="runScenario" time="13.916"/>
  <system-out/>
</testsuite> <!-- Runners.CucumberRunners -->
